c:\users\wuhaonan\source\repos\edumanager\edumanager\debug\edumanager.pch
c:\users\wuhaonan\source\repos\edumanager\edumanager\debug\vc142.pdb
c:\users\wuhaonan\source\repos\edumanager\edumanager\debug\vc142.idb
c:\users\wuhaonan\source\repos\edumanager\edumanager\debug\pch.obj
c:\users\wuhaonan\source\repos\edumanager\edumanager\debug\viewcomment.obj
c:\users\wuhaonan\source\repos\edumanager\edumanager\debug\user.obj
c:\users\wuhaonan\source\repos\edumanager\edumanager\debug\teacherform.obj
c:\users\wuhaonan\source\repos\edumanager\edumanager\debug\studentform.obj
c:\users\wuhaonan\source\repos\edumanager\edumanager\debug\module.obj
c:\users\wuhaonan\source\repos\edumanager\edumanager\debug\login.obj
c:\users\wuhaonan\source\repos\edumanager\edumanager\debug\edumanager.obj
c:\users\wuhaonan\source\repos\edumanager\edumanager\debug\edituser.obj
c:\users\wuhaonan\source\repos\edumanager\edumanager\debug\editmodule.obj
c:\users\wuhaonan\source\repos\edumanager\edumanager\debug\comment.obj
c:\users\wuhaonan\source\repos\edumanager\edumanager\debug\adminform.obj
c:\users\wuhaonan\source\repos\edumanager\edumanager\debug\addstudent.obj
c:\users\wuhaonan\source\repos\edumanager\edumanager\debug\addmodule.obj
c:\users\wuhaonan\source\repos\edumanager\edumanager\debug\aboutbox.obj
c:\users\wuhaonan\source\repos\edumanager\debug\edumanager.ilk
c:\users\wuhaonan\source\repos\edumanager\debug\edumanager.exe
c:\users\wuhaonan\source\repos\edumanager\debug\edumanager.pdb
c:\users\wuhaonan\source\repos\edumanager\edumanager\debug\edumanager.res
c:\users\wuhaonan\source\repos\edumanager\edumanager\debug\edumanager.tlog\cl.command.1.tlog
c:\users\wuhaonan\source\repos\edumanager\edumanager\debug\edumanager.tlog\cl.read.1.tlog
c:\users\wuhaonan\source\repos\edumanager\edumanager\debug\edumanager.tlog\cl.write.1.tlog
c:\users\wuhaonan\source\repos\edumanager\edumanager\debug\edumanager.tlog\link.command.1.tlog
c:\users\wuhaonan\source\repos\edumanager\edumanager\debug\edumanager.tlog\link.read.1.tlog
c:\users\wuhaonan\source\repos\edumanager\edumanager\debug\edumanager.tlog\link.write.1.tlog
c:\users\wuhaonan\source\repos\edumanager\edumanager\debug\edumanager.tlog\rc.command.1.tlog
c:\users\wuhaonan\source\repos\edumanager\edumanager\debug\edumanager.tlog\rc.read.1.tlog
c:\users\wuhaonan\source\repos\edumanager\edumanager\debug\edumanager.tlog\rc.write.1.tlog
