c:\users\wuhaonan\source\repos\edumanager\edumanager\x64\debug\edumanager.pch
c:\users\wuhaonan\source\repos\edumanager\edumanager\x64\debug\vc142.pdb
c:\users\wuhaonan\source\repos\edumanager\edumanager\x64\debug\vc142.idb
c:\users\wuhaonan\source\repos\edumanager\edumanager\x64\debug\pch.obj
c:\users\wuhaonan\source\repos\edumanager\edumanager\x64\debug\user.obj
c:\users\wuhaonan\source\repos\edumanager\edumanager\x64\debug\teacherform.obj
c:\users\wuhaonan\source\repos\edumanager\edumanager\x64\debug\studentform.obj
c:\users\wuhaonan\source\repos\edumanager\edumanager\x64\debug\newmodule.obj
c:\users\wuhaonan\source\repos\edumanager\edumanager\x64\debug\module.obj
c:\users\wuhaonan\source\repos\edumanager\edumanager\x64\debug\login.obj
c:\users\wuhaonan\source\repos\edumanager\edumanager\x64\debug\edumanager.obj
c:\users\wuhaonan\source\repos\edumanager\edumanager\x64\debug\addstudent.obj
c:\users\wuhaonan\source\repos\edumanager\edumanager\x64\debug\addmodule.obj
c:\users\wuhaonan\source\repos\edumanager\x64\debug\edumanager.ilk
c:\users\wuhaonan\source\repos\edumanager\x64\debug\edumanager.exe
c:\users\wuhaonan\source\repos\edumanager\x64\debug\edumanager.pdb
c:\users\wuhaonan\source\repos\edumanager\edumanager\x64\debug\edumanager.res
c:\users\wuhaonan\source\repos\edumanager\edumanager\x64\debug\edumanager.tlog\cl.command.1.tlog
c:\users\wuhaonan\source\repos\edumanager\edumanager\x64\debug\edumanager.tlog\cl.read.1.tlog
c:\users\wuhaonan\source\repos\edumanager\edumanager\x64\debug\edumanager.tlog\cl.write.1.tlog
c:\users\wuhaonan\source\repos\edumanager\edumanager\x64\debug\edumanager.tlog\link.command.1.tlog
c:\users\wuhaonan\source\repos\edumanager\edumanager\x64\debug\edumanager.tlog\link.read.1.tlog
c:\users\wuhaonan\source\repos\edumanager\edumanager\x64\debug\edumanager.tlog\link.write.1.tlog
c:\users\wuhaonan\source\repos\edumanager\edumanager\x64\debug\edumanager.tlog\rc.command.1.tlog
c:\users\wuhaonan\source\repos\edumanager\edumanager\x64\debug\edumanager.tlog\rc.read.1.tlog
c:\users\wuhaonan\source\repos\edumanager\edumanager\x64\debug\edumanager.tlog\rc.write.1.tlog
